c:\users\of913\onedrive\рабочий стол\4_4_3_3_git\oop\lab\lab\debug\vc142.pdb
c:\users\of913\onedrive\рабочий стол\4_4_3_3_git\oop\lab\lab\debug\vc142.idb
c:\users\of913\onedrive\рабочий стол\4_4_3_3_git\oop\lab\lab\debug\transport_travel_time.obj
c:\users\of913\onedrive\рабочий стол\4_4_3_3_git\oop\lab\lab\debug\train_out_data.obj
c:\users\of913\onedrive\рабочий стол\4_4_3_3_git\oop\lab\lab\debug\train_in_data.obj
c:\users\of913\onedrive\рабочий стол\4_4_3_3_git\oop\lab\lab\debug\sort.obj
c:\users\of913\onedrive\рабочий стол\4_4_3_3_git\oop\lab\lab\debug\out_container.obj
c:\users\of913\onedrive\рабочий стол\4_4_3_3_git\oop\lab\lab\debug\lab.obj
c:\users\of913\onedrive\рабочий стол\4_4_3_3_git\oop\lab\lab\debug\in_transport.obj
c:\users\of913\onedrive\рабочий стол\4_4_3_3_git\oop\lab\lab\debug\in_container.obj
c:\users\of913\onedrive\рабочий стол\4_4_3_3_git\oop\lab\lab\debug\init_container.obj
c:\users\of913\onedrive\рабочий стол\4_4_3_3_git\oop\lab\lab\debug\get_speed.obj
c:\users\of913\onedrive\рабочий стол\4_4_3_3_git\oop\lab\lab\debug\get_distance.obj
c:\users\of913\onedrive\рабочий стол\4_4_3_3_git\oop\lab\lab\debug\compare.obj
c:\users\of913\onedrive\рабочий стол\4_4_3_3_git\oop\lab\lab\debug\clear_container.obj
c:\users\of913\onedrive\рабочий стол\4_4_3_3_git\oop\lab\lab\debug\airplane_out_data.obj
c:\users\of913\onedrive\рабочий стол\4_4_3_3_git\oop\lab\lab\debug\airplane_in_data.obj
c:\users\of913\onedrive\рабочий стол\4_4_3_3_git\oop\lab\debug\lab.ilk
c:\users\of913\onedrive\рабочий стол\4_4_3_3_git\oop\lab\debug\lab.exe
c:\users\of913\onedrive\рабочий стол\4_4_3_3_git\oop\lab\debug\lab.pdb
c:\users\of913\onedrive\рабочий стол\4_4_3_3_git\oop\lab\lab\debug\ship_in_data.obj
c:\users\of913\onedrive\рабочий стол\4_4_3_3_git\oop\lab\lab\debug\ship_out_data.obj
c:\users\of913\onedrive\рабочий стол\4_4_3_3_git\oop\lab\lab\debug\lab.tlog\cl.command.1.tlog
c:\users\of913\onedrive\рабочий стол\4_4_3_3_git\oop\lab\lab\debug\lab.tlog\cl.read.1.tlog
c:\users\of913\onedrive\рабочий стол\4_4_3_3_git\oop\lab\lab\debug\lab.tlog\cl.write.1.tlog
c:\users\of913\onedrive\рабочий стол\4_4_3_3_git\oop\lab\lab\debug\lab.tlog\link.command.1.tlog
c:\users\of913\onedrive\рабочий стол\4_4_3_3_git\oop\lab\lab\debug\lab.tlog\link.read.1.tlog
c:\users\of913\onedrive\рабочий стол\4_4_3_3_git\oop\lab\lab\debug\lab.tlog\link.write.1.tlog
